\BOOKMARK [0][]{section*.1}{\376\377\000A\000B\000S\000T\000R\000A\000K}{}% 1
\BOOKMARK [0][]{section*.2}{\376\377\000K\000A\000T\000A\000\040\000P\000E\000N\000G\000A\000N\000T\000A\000R}{}% 2
\BOOKMARK [0][]{section*.3}{\376\377\000D\000A\000F\000T\000A\000R\000\040\000I\000S\000I}{}% 3
\BOOKMARK [0][]{section*.4}{\376\377\000D\000A\000F\000T\000A\000R\000\040\000S\000I\000M\000B\000O\000L}{}% 4
\BOOKMARK [0][]{section*.5}{\376\377\000D\000A\000F\000T\000A\000R\000\040\000G\000A\000M\000B\000A\000R}{}% 5
\BOOKMARK [0][]{section*.6}{\376\377\000D\000A\000F\000T\000A\000R\000\040\000T\000A\000B\000E\000L}{}% 6
\BOOKMARK [0][]{chapter.1}{\376\377\0001\000\040\000P\000E\000N\000D\000A\000H\000U\000L\000U\000A\000N}{}% 7
\BOOKMARK [1][]{section.1.1}{\376\377\0001\000.\0001\000\040\000L\000a\000t\000a\000r\000\040\000B\000e\000l\000a\000k\000a\000n\000g}{chapter.1}% 8
\BOOKMARK [1][]{section.1.2}{\376\377\0001\000.\0002\000\040\000P\000e\000r\000m\000a\000s\000a\000l\000a\000h\000a\000n}{chapter.1}% 9
\BOOKMARK [1][]{section.1.3}{\376\377\0001\000.\0003\000\040\000T\000u\000j\000u\000a\000n}{chapter.1}% 10
\BOOKMARK [1][]{section.1.4}{\376\377\0001\000.\0004\000\040\000R\000u\000a\000n\000g\000\040\000L\000i\000n\000g\000k\000u\000p\000\040\000S\000t\000u\000d\000i}{chapter.1}% 11
\BOOKMARK [1][]{section.1.5}{\376\377\0001\000.\0005\000\040\000S\000i\000s\000t\000e\000m\000a\000t\000i\000k\000a\000\040\000P\000e\000n\000u\000l\000i\000s\000a\000n}{chapter.1}% 12
\BOOKMARK [0][]{chapter.2}{\376\377\0002\000\040\000L\000A\000N\000D\000A\000S\000A\000N\000\040\000T\000E\000O\000R\000I}{}% 13
\BOOKMARK [1][]{section.2.1}{\376\377\0002\000.\0001\000\040\000T\000i\000n\000j\000a\000u\000a\000n\000\040\000P\000u\000s\000t\000a\000k\000a}{chapter.2}% 14
\BOOKMARK [2][]{subsection.2.1.1}{\376\377\0002\000.\0001\000.\0001\000\040\000A\000n\000d\000r\000o\000i\000d}{section.2.1}% 15
\BOOKMARK [2][]{subsection.2.1.2}{\376\377\0002\000.\0001\000.\0002\000\040\000B\000a\000n\000k\000\040\000S\000a\000m\000p\000a\000h}{section.2.1}% 16
\BOOKMARK [0][]{chapter.3}{\376\377\0003\000\040\000A\000N\000A\000L\000I\000S\000I\000S\000\040\000D\000A\000N\000\040\000P\000E\000R\000A\000N\000C\000A\000N\000G\000A\000N}{}% 17
\BOOKMARK [1][]{section.3.1}{\376\377\0003\000.\0001\000\040\000A\000n\000a\000l\000i\000s\000i\000s}{chapter.3}% 18
\BOOKMARK [2][]{subsection.3.1.1}{\376\377\0003\000.\0001\000.\0001\000\040\000A\000n\000a\000l\000i\000s\000i\000s\000\040\000s\000i\000s\000t\000e\000m\000\040\000y\000a\000n\000g\000\040\000s\000e\000d\000a\000n\000g\000\040\000b\000e\000r\000j\000a\000l\000a\000n}{section.3.1}% 19
\BOOKMARK [1][]{section.3.2}{\376\377\0003\000.\0002\000\040\000P\000e\000r\000a\000n\000c\000a\000n\000g\000a\000n}{chapter.3}% 20
\BOOKMARK [2][]{subsection.3.2.1}{\376\377\0003\000.\0002\000.\0001\000\040\000U\000s\000e\000\040\000C\000a\000s\000e\000\040\000D\000i\000a\000g\000r\000a\000m}{section.3.2}% 21
\BOOKMARK [0][]{chapter.4}{\376\377\0004\000\040\000I\000M\000P\000L\000E\000M\000E\000N\000T\000A\000S\000I\000\040\000D\000A\000N\000\040\000P\000E\000N\000G\000U\000J\000I\000A\000N}{}% 22
\BOOKMARK [0][]{chapter.5}{\376\377\0005\000\040\000K\000E\000S\000I\000M\000P\000U\000L\000A\000N\000\040\000D\000A\000N\000\040\000S\000A\000R\000A\000N}{}% 23
\BOOKMARK [1][]{section.5.1}{\376\377\0005\000.\0001\000\040\000K\000e\000s\000i\000m\000p\000u\000l\000a\000n}{chapter.5}% 24
\BOOKMARK [1][]{section.5.2}{\376\377\0005\000.\0002\000\040\000S\000a\000r\000a\000n}{chapter.5}% 25
\BOOKMARK [0][]{section*.8}{\376\377\000D\000A\000F\000T\000A\000R\000\040\000P\000U\000S\000T\000A\000K\000A}{}% 26
\BOOKMARK [0][]{appendix*.9}{\376\377\000L\000A\000M\000P\000I\000R\000A\000N\000\040\000A\000:\000\040\000K\000O\000D\000E\000\040\000P\000R\000O\000G\000R\000A\000M}{}% 27
\BOOKMARK [1][]{section.A.1}{\376\377\000A\000.\0001\000\040\000P\000R\000O\000G\000R\000A\000M}{appendix*.9}% 28
\BOOKMARK [0][]{appendix*.10}{\376\377\000L\000A\000M\000P\000I\000R\000A\000N\000\040\000B\000:\000\040\000G\000A\000M\000B\000A\000R\000-\000G\000A\000M\000B\000A\000R}{}% 29
\BOOKMARK [0][]{appendix*.11}{\376\377\000L\000A\000M\000P\000I\000R\000A\000N\000\040\000C\000:\000\040\000T\000A\000B\000E\000L\000-\000T\000A\000B\000E\000L}{}% 30
